0 info it worked if it ends with ok
1 verbose cli [ '/usr/local/bin/node',
1 verbose cli   '/usr/local/lib/node_modules/npm/bin/npm-cli.js',
1 verbose cli   'run-script',
1 verbose cli   'sparrest' ]
2 info using npm@2.14.20
3 info using node@v4.4.1
4 verbose run-script [ 'presparrest', 'sparrest', 'postsparrest' ]
5 info presparrest cookbook@1.0.0
6 info sparrest cookbook@1.0.0
7 verbose unsafe-perm in lifecycle true
8 info cookbook@1.0.0 Failed to exec sparrest script
9 verbose stack Error: cookbook@1.0.0 sparrest: `node node_modules/node-sparrest/node-sparrest.js`
9 verbose stack spawn ENOENT
9 verbose stack     at ChildProcess.<anonymous> (/usr/local/lib/node_modules/npm/lib/utils/spawn.js:17:16)
9 verbose stack     at emitTwo (events.js:87:13)
9 verbose stack     at ChildProcess.emit (events.js:172:7)
9 verbose stack     at maybeClose (internal/child_process.js:827:16)
9 verbose stack     at Process.ChildProcess._handle.onexit (internal/child_process.js:211:5)
10 verbose pkgid cookbook@1.0.0
11 verbose cwd /Users/icapa/Documents/MasterBootCam/Angular/curso/angular/cookbook
12 error Darwin 15.4.0
13 error argv "/usr/local/bin/node" "/usr/local/lib/node_modules/npm/bin/npm-cli.js" "run-script" "sparrest"
14 error node v4.4.1
15 error npm  v2.14.20
16 error file sh
17 error code ELIFECYCLE
18 error errno ENOENT
19 error syscall spawn
20 error cookbook@1.0.0 sparrest: `node node_modules/node-sparrest/node-sparrest.js`
20 error spawn ENOENT
21 error Failed at the cookbook@1.0.0 sparrest script 'node node_modules/node-sparrest/node-sparrest.js'.
21 error This is most likely a problem with the cookbook package,
21 error not with npm itself.
21 error Tell the author that this fails on your system:
21 error     node node_modules/node-sparrest/node-sparrest.js
21 error You can get information on how to open an issue for this project with:
21 error     npm bugs cookbook
21 error Or if that isn't available, you can get their info via:
21 error
21 error     npm owner ls cookbook
21 error There is likely additional logging output above.
22 verbose exit [ 1, true ]
